<?xml version="1.0" encoding="UTF-8"?>
<!-- Generated by org.testng.reporters.JUnitReportReporter -->
<testsuite hostname="DESKTOP-DJAOCVR" failures="0" tests="4" name="api.test.StoreTests" time="7.104" errors="0" timestamp="2024-03-09T00:24:10 IST" skipped="0">
  <testcase classname="api.test.StoreTests" name="testCreateStoreOrder" time="3.664"/>
  <system-out/>
  <testcase classname="api.test.StoreTests" name="testGetStoreOrder" time="1.190"/>
  <system-out/>
  <testcase classname="api.test.StoreTests" name="testDeleteStoreOrder" time="1.114"/>
  <system-out/>
  <testcase classname="api.test.StoreTests" name="testGetStoreInventory" time="1.136"/>
  <system-out/>
</testsuite> <!-- api.test.StoreTests -->
