<?xml version="1.0" encoding="UTF-8"?>
<!-- Generated by org.testng.reporters.JUnitReportReporter -->
<testsuite hostname="DESKTOP-DJAOCVR" failures="0" tests="4" name="api.test.UserTest" time="10.323" errors="0" timestamp="2024-03-07T14:43:19 IST" skipped="0">
  <testcase classname="api.test.UserTest" name="createUser" time="4.123"/>
  <system-out/>
  <testcase classname="api.test.UserTest" name="getUser" time="1.605"/>
  <system-out/>
  <testcase classname="api.test.UserTest" name="updateUser" time="2.996"/>
  <system-out/>
  <testcase classname="api.test.UserTest" name="deleteUser" time="1.599"/>
  <system-out/>
</testsuite> <!-- api.test.UserTest -->
