<?xml version="1.0" encoding="UTF-8"?>
<!-- Generated by org.testng.reporters.JUnitReportReporter -->
<testsuite hostname="DESKTOP-DJAOCVR" failures="0" tests="6" name="api.test.PetTests" time="12.060" errors="0" timestamp="2024-03-11T15:44:34 IST" skipped="0">
  <testcase classname="api.test.PetTests" name="testCreatePet" time="3.988"/>
  <system-out/>
  <testcase classname="api.test.PetTests" name="testGetPet" time="1.121"/>
  <system-out/>
  <testcase classname="api.test.PetTests" name="testGetPetByStatus" time="1.694"/>
  <system-out/>
  <testcase classname="api.test.PetTests" name="testUpdatePet" time="2.310"/>
  <system-out/>
  <testcase classname="api.test.PetTests" name="testUploadImage" time="1.819"/>
  <system-out/>
  <testcase classname="api.test.PetTests" name="testDeletePet" time="1.128"/>
  <system-out/>
</testsuite> <!-- api.test.PetTests -->
