<?xml version="1.0" encoding="UTF-8"?>
<!-- Generated by org.testng.reporters.JUnitReportReporter -->
<testsuite hostname="DESKTOP-DJAOCVR" failures="0" tests="4" name="api.test.StoreOrderTests" time="4.443" errors="0" timestamp="2024-03-09T21:25:46 IST" skipped="0">
  <testcase classname="api.test.StoreOrderTests" name="testCreateStoreOrder" time="1.123"/>
  <system-out/>
  <testcase classname="api.test.StoreOrderTests" name="testGetStoreOrder" time="1.099"/>
  <system-out/>
  <testcase classname="api.test.StoreOrderTests" name="testDeleteStoreOrder" time="1.161"/>
  <system-out/>
  <testcase classname="api.test.StoreOrderTests" name="testGetStoreInventory" time="1.060"/>
  <system-out/>
</testsuite> <!-- api.test.StoreOrderTests -->
