<?xml version="1.0" encoding="UTF-8"?>
<!-- Generated by org.testng.reporters.JUnitReportReporter -->
<testsuite hostname="DESKTOP-DJAOCVR" failures="0" tests="4" name="api.test.UserTests" time="5.706" errors="0" timestamp="2024-03-09T21:25:46 IST" skipped="0">
  <testcase classname="api.test.UserTests" name="testCreateUser" time="1.193"/>
  <system-out/>
  <testcase classname="api.test.UserTests" name="testGetUser" time="1.130"/>
  <system-out/>
  <testcase classname="api.test.UserTests" name="testUpdateUser" time="2.285"/>
  <system-out/>
  <testcase classname="api.test.UserTests" name="testDeleteUser" time="1.098"/>
  <system-out/>
</testsuite> <!-- api.test.UserTests -->
