<?xml version="1.0" encoding="UTF-8"?>
<!-- Generated by org.testng.reporters.JUnitReportReporter -->
<testsuite hostname="DESKTOP-DJAOCVR" failures="0" tests="6" name="api.test.PetTests" time="12.421" errors="0" timestamp="2024-03-09T21:25:46 IST" skipped="0">
  <testcase classname="api.test.PetTests" name="testCreatePet" time="4.278"/>
  <system-out/>
  <testcase classname="api.test.PetTests" name="testGetPet" time="1.140"/>
  <system-out/>
  <testcase classname="api.test.PetTests" name="testGetPetByStatus" time="1.625"/>
  <system-out/>
  <testcase classname="api.test.PetTests" name="testUpdatePet" time="2.283"/>
  <system-out/>
  <testcase classname="api.test.PetTests" name="testUploadImage" time="1.932"/>
  <system-out/>
  <testcase classname="api.test.PetTests" name="testDeletePet" time="1.163"/>
  <system-out/>
</testsuite> <!-- api.test.PetTests -->
